ai 431157536599703575
stellaokhand 431160745582133277
face 447184044925386762
Iris 435941854257610762
angrylily 431158980388061194
ressurection 440914862470725641
Loli 439135609722765332
hungrystella 431159990418538497
cutelily 431159427232563200
Dabbing 439166169493143553
unicorn 431164576176799746
cryingstella 431159137628454912
PackageBox 440913163307843584
surpriseping 450317843846922281
error 431162131010945064
singingstella 431160031010881546
pucedepuissancedarme 440914002323963914
upsetlily 431160054742515712
bottag 439136438097936384
sorryharu 431159063234084864
Icon_SuperGluton 440913217590525953
